0 [1, 16, 0, 0, 0, 0]
17 [1, 17, 0, 0, 2, 0]
18 [1, 18, 0, 0, 4, 0]
19 [1, 19, 0, 0, 76, 0]
20 [1, 20, 0, 0, 836, 0]
21 [1, 21, 6, 0, 836, 0]
22 [1, 22, 132, 0, 836, 0]
23 [1, 23, 134, 0, 836, 0]
24 [1, 24, 134, 0, 970, 0]
25 [1, 26, 134, 0, 970, 0]
27 [1, 27, 27, 0, 970, 0]
28 [1, 28, 756, 0, 970, 0]
29 [1, 29, 785, 0, 970, 0]
30 [1, 30, 23550, 0, 970, 0]
31 [1, 31, 329700, 0, 970, 0]
32 [1, 32, 10550400, 0, 970, 0]
33 [1, 33, 10550400, 0, 10551370, 0]
34 [0, 34, 10550400, 0, 10551370, 0]
35 [0, 0, 10550400, 0, 10551370, 0]
1 [0, 1, 10550400, 1, 10551370, 0]
2 [0, 2, 10550400, 1, 10551370, 1]
3 [0, 3, 1, 1, 10551370, 1]
4 [0, 4, 0, 1, 10551370, 1]
5 [0, 5, 0, 1, 10551370, 1]
6 [0, 7, 0, 1, 10551370, 1]
8 [0, 8, 0, 1, 10551370, 2]
9 [0, 9, 0, 1, 10551370, 2]
10 [0, 10, 0, 1, 10551370, 2]
11 [0, 2, 0, 1, 10551370, 2]
3 [0, 3, 2, 1, 10551370, 2]
4 [0, 4, 0, 1, 10551370, 2]
5 [0, 5, 0, 1, 10551370, 2]
6 [0, 7, 0, 1, 10551370, 2]
8 [0, 8, 0, 1, 10551370, 3]
9 [0, 9, 0, 1, 10551370, 3]
10 [0, 10, 0, 1, 10551370, 3]
11 [0, 2, 0, 1, 10551370, 3]
3 [0, 3, 3, 1, 10551370, 3]
4 [0, 4, 0, 1, 10551370, 3]
5 [0, 5, 0, 1, 10551370, 3]
6 [0, 7, 0, 1, 10551370, 3]
8 [0, 8, 0, 1, 10551370, 4]
9 [0, 9, 0, 1, 10551370, 4]
10 [0, 10, 0, 1, 10551370, 4]
11 [0, 2, 0, 1, 10551370, 4]
3 [0, 3, 4, 1, 10551370, 4]
4 [0, 4, 0, 1, 10551370, 4]
5 [0, 5, 0, 1, 10551370, 4]
6 [0, 7, 0, 1, 10551370, 4]
8 [0, 8, 0, 1, 10551370, 5]
9 [0, 9, 0, 1, 10551370, 5]
10 [0, 10, 0, 1, 10551370, 5]
11 [0, 2, 0, 1, 10551370, 5]
3 [0, 3, 5, 1, 10551370, 5]
4 [0, 4, 0, 1, 10551370, 5]
5 [0, 5, 0, 1, 10551370, 5]
6 [0, 7, 0, 1, 10551370, 5]
8 [0, 8, 0, 1, 10551370, 6]
9 [0, 9, 0, 1, 10551370, 6]
10 [0, 10, 0, 1, 10551370, 6]
11 [0, 2, 0, 1, 10551370, 6]
3 [0, 3, 6, 1, 10551370, 6]
4 [0, 4, 0, 1, 10551370, 6]
5 [0, 5, 0, 1, 10551370, 6]
6 [0, 7, 0, 1, 10551370, 6]
8 [0, 8, 0, 1, 10551370, 7]
9 [0, 9, 0, 1, 10551370, 7]
10 [0, 10, 0, 1, 10551370, 7]
11 [0, 2, 0, 1, 10551370, 7]
3 [0, 3, 7, 1, 10551370, 7]
4 [0, 4, 0, 1, 10551370, 7]
5 [0, 5, 0, 1, 10551370, 7]
6 [0, 7, 0, 1, 10551370, 7]
8 [0, 8, 0, 1, 10551370, 8]
9 [0, 9, 0, 1, 10551370, 8]
10 [0, 10, 0, 1, 10551370, 8]
11 [0, 2, 0, 1, 10551370, 8]
3 [0, 3, 8, 1, 10551370, 8]
4 [0, 4, 0, 1, 10551370, 8]
5 [0, 5, 0, 1, 10551370, 8]
6 [0, 7, 0, 1, 10551370, 8]
8 [0, 8, 0, 1, 10551370, 9]
9 [0, 9, 0, 1, 10551370, 9]
10 [0, 10, 0, 1, 10551370, 9]
11 [0, 2, 0, 1, 10551370, 9]
3 [0, 3, 9, 1, 10551370, 9]
4 [0, 4, 0, 1, 10551370, 9]
5 [0, 5, 0, 1, 10551370, 9]
6 [0, 7, 0, 1, 10551370, 9]
8 [0, 8, 0, 1, 10551370, 10]
9 [0, 9, 0, 1, 10551370, 10]
10 [0, 10, 0, 1, 10551370, 10]
11 [0, 2, 0, 1, 10551370, 10]
3 [0, 3, 10, 1, 10551370, 10]
4 [0, 4, 0, 1, 10551370, 10]
5 [0, 5, 0, 1, 10551370, 10]
6 [0, 7, 0, 1, 10551370, 10]
8 [0, 8, 0, 1, 10551370, 11]
9 [0, 9, 0, 1, 10551370, 11]
10 [0, 10, 0, 1, 10551370, 11]
11 [0, 2, 0, 1, 10551370, 11]
3 [0, 3, 11, 1, 10551370, 11]
4 [0, 4, 0, 1, 10551370, 11]
5 [0, 5, 0, 1, 10551370, 11]
6 [0, 7, 0, 1, 10551370, 11]
8 [0, 8, 0, 1, 10551370, 12]
9 [0, 9, 0, 1, 10551370, 12]
10 [0, 10, 0, 1, 10551370, 12]
11 [0, 2, 0, 1, 10551370, 12]
3 [0, 3, 12, 1, 10551370, 12]
4 [0, 4, 0, 1, 10551370, 12]
5 [0, 5, 0, 1, 10551370, 12]
6 [0, 7, 0, 1, 10551370, 12]
8 [0, 8, 0, 1, 10551370, 13]
9 [0, 9, 0, 1, 10551370, 13]
10 [0, 10, 0, 1, 10551370, 13]
11 [0, 2, 0, 1, 10551370, 13]
3 [0, 3, 13, 1, 10551370, 13]
4 [0, 4, 0, 1, 10551370, 13]
5 [0, 5, 0, 1, 10551370, 13]
6 [0, 7, 0, 1, 10551370, 13]
8 [0, 8, 0, 1, 10551370, 14]
9 [0, 9, 0, 1, 10551370, 14]
10 [0, 10, 0, 1, 10551370, 14]
11 [0, 2, 0, 1, 10551370, 14]
3 [0, 3, 14, 1, 10551370, 14]
4 [0, 4, 0, 1, 10551370, 14]
5 [0, 5, 0, 1, 10551370, 14]
6 [0, 7, 0, 1, 10551370, 14]
8 [0, 8, 0, 1, 10551370, 15]
9 [0, 9, 0, 1, 10551370, 15]
10 [0, 10, 0, 1, 10551370, 15]
11 [0, 2, 0, 1, 10551370, 15]
3 [0, 3, 15, 1, 10551370, 15]
4 [0, 4, 0, 1, 10551370, 15]
5 [0, 5, 0, 1, 10551370, 15]
6 [0, 7, 0, 1, 10551370, 15]
8 [0, 8, 0, 1, 10551370, 16]
9 [0, 9, 0, 1, 10551370, 16]
10 [0, 10, 0, 1, 10551370, 16]
11 [0, 2, 0, 1, 10551370, 16]
3 [0, 3, 16, 1, 10551370, 16]
4 [0, 4, 0, 1, 10551370, 16]
5 [0, 5, 0, 1, 10551370, 16]
6 [0, 7, 0, 1, 10551370, 16]
8 [0, 8, 0, 1, 10551370, 17]
9 [0, 9, 0, 1, 10551370, 17]
10 [0, 10, 0, 1, 10551370, 17]
11 [0, 2, 0, 1, 10551370, 17]
3 [0, 3, 17, 1, 10551370, 17]
4 [0, 4, 0, 1, 10551370, 17]
5 [0, 5, 0, 1, 10551370, 17]
6 [0, 7, 0, 1, 10551370, 17]
8 [0, 8, 0, 1, 10551370, 18]
9 [0, 9, 0, 1, 10551370, 18]
10 [0, 10, 0, 1, 10551370, 18]
11 [0, 2, 0, 1, 10551370, 18]
3 [0, 3, 18, 1, 10551370, 18]
4 [0, 4, 0, 1, 10551370, 18]
5 [0, 5, 0, 1, 10551370, 18]
6 [0, 7, 0, 1, 10551370, 18]
8 [0, 8, 0, 1, 10551370, 19]
9 [0, 9, 0, 1, 10551370, 19]
10 [0, 10, 0, 1, 10551370, 19]
11 [0, 2, 0, 1, 10551370, 19]
3 [0, 3, 19, 1, 10551370, 19]
4 [0, 4, 0, 1, 10551370, 19]
5 [0, 5, 0, 1, 10551370, 19]
6 [0, 7, 0, 1, 10551370, 19]
8 [0, 8, 0, 1, 10551370, 20]
9 [0, 9, 0, 1, 10551370, 20]
10 [0, 10, 0, 1, 10551370, 20]
11 [0, 2, 0, 1, 10551370, 20]
3 [0, 3, 20, 1, 10551370, 20]
4 [0, 4, 0, 1, 10551370, 20]
5 [0, 5, 0, 1, 10551370, 20]
6 [0, 7, 0, 1, 10551370, 20]
8 [0, 8, 0, 1, 10551370, 21]
9 [0, 9, 0, 1, 10551370, 21]
10 [0, 10, 0, 1, 10551370, 21]
11 [0, 2, 0, 1, 10551370, 21]
3 [0, 3, 21, 1, 10551370, 21]
4 [0, 4, 0, 1, 10551370, 21]
5 [0, 5, 0, 1, 10551370, 21]
6 [0, 7, 0, 1, 10551370, 21]
8 [0, 8, 0, 1, 10551370, 22]
9 [0, 9, 0, 1, 10551370, 22]
10 [0, 10, 0, 1, 10551370, 22]
11 [0, 2, 0, 1, 10551370, 22]
3 [0, 3, 22, 1, 10551370, 22]
4 [0, 4, 0, 1, 10551370, 22]
5 [0, 5, 0, 1, 10551370, 22]
6 [0, 7, 0, 1, 10551370, 22]
8 [0, 8, 0, 1, 10551370, 23]
9 [0, 9, 0, 1, 10551370, 23]
10 [0, 10, 0, 1, 10551370, 23]
11 [0, 2, 0, 1, 10551370, 23]
3 [0, 3, 23, 1, 10551370, 23]
4 [0, 4, 0, 1, 10551370, 23]
5 [0, 5, 0, 1, 10551370, 23]
6 [0, 7, 0, 1, 10551370, 23]
8 [0, 8, 0, 1, 10551370, 24]
9 [0, 9, 0, 1, 10551370, 24]
10 [0, 10, 0, 1, 10551370, 24]
11 [0, 2, 0, 1, 10551370, 24]
3 [0, 3, 24, 1, 10551370, 24]
4 [0, 4, 0, 1, 10551370, 24]
5 [0, 5, 0, 1, 10551370, 24]
6 [0, 7, 0, 1, 10551370, 24]
8 [0, 8, 0, 1, 10551370, 25]
9 [0, 9, 0, 1, 10551370, 25]
10 [0, 10, 0, 1, 10551370, 25]
11 [0, 2, 0, 1, 10551370, 25]
3 [0, 3, 25, 1, 10551370, 25]
4 [0, 4, 0, 1, 10551370, 25]
5 [0, 5, 0, 1, 10551370, 25]
6 [0, 7, 0, 1, 10551370, 25]
8 [0, 8, 0, 1, 10551370, 26]
9 [0, 9, 0, 1, 10551370, 26]
10 [0, 10, 0, 1, 10551370, 26]
11 [0, 2, 0, 1, 10551370, 26]
3 [0, 3, 26, 1, 10551370, 26]
4 [0, 4, 0, 1, 10551370, 26]
5 [0, 5, 0, 1, 10551370, 26]
6 [0, 7, 0, 1, 10551370, 26]
8 [0, 8, 0, 1, 10551370, 27]
9 [0, 9, 0, 1, 10551370, 27]
10 [0, 10, 0, 1, 10551370, 27]
11 [0, 2, 0, 1, 10551370, 27]
3 [0, 3, 27, 1, 10551370, 27]
4 [0, 4, 0, 1, 10551370, 27]
5 [0, 5, 0, 1, 10551370, 27]
6 [0, 7, 0, 1, 10551370, 27]
8 [0, 8, 0, 1, 10551370, 28]
9 [0, 9, 0, 1, 10551370, 28]
10 [0, 10, 0, 1, 10551370, 28]
11 [0, 2, 0, 1, 10551370, 28]
3 [0, 3, 28, 1, 10551370, 28]
4 [0, 4, 0, 1, 10551370, 28]
5 [0, 5, 0, 1, 10551370, 28]
6 [0, 7, 0, 1, 10551370, 28]
8 [0, 8, 0, 1, 10551370, 29]
9 [0, 9, 0, 1, 10551370, 29]
10 [0, 10, 0, 1, 10551370, 29]
11 [0, 2, 0, 1, 10551370, 29]
3 [0, 3, 29, 1, 10551370, 29]
4 [0, 4, 0, 1, 10551370, 29]
5 [0, 5, 0, 1, 10551370, 29]
6 [0, 7, 0, 1, 10551370, 29]
8 [0, 8, 0, 1, 10551370, 30]
9 [0, 9, 0, 1, 10551370, 30]
10 [0, 10, 0, 1, 10551370, 30]
11 [0, 2, 0, 1, 10551370, 30]
3 [0, 3, 30, 1, 10551370, 30]
4 [0, 4, 0, 1, 10551370, 30]
5 [0, 5, 0, 1, 10551370, 30]
6 [0, 7, 0, 1, 10551370, 30]
8 [0, 8, 0, 1, 10551370, 31]
9 [0, 9, 0, 1, 10551370, 31]
10 [0, 10, 0, 1, 10551370, 31]
11 [0, 2, 0, 1, 10551370, 31]
3 [0, 3, 31, 1, 10551370, 31]
4 [0, 4, 0, 1, 10551370, 31]
5 [0, 5, 0, 1, 10551370, 31]
6 [0, 7, 0, 1, 10551370, 31]
8 [0, 8, 0, 1, 10551370, 32]
9 [0, 9, 0, 1, 10551370, 32]
10 [0, 10, 0, 1, 10551370, 32]
11 [0, 2, 0, 1, 10551370, 32]
3 [0, 3, 32, 1, 10551370, 32]
4 [0, 4, 0, 1, 10551370, 32]
5 [0, 5, 0, 1, 10551370, 32]
6 [0, 7, 0, 1, 10551370, 32]
8 [0, 8, 0, 1, 10551370, 33]
9 [0, 9, 0, 1, 10551370, 33]
10 [0, 10, 0, 1, 10551370, 33]
11 [0, 2, 0, 1, 10551370, 33]
3 [0, 3, 33, 1, 10551370, 33]
4 [0, 4, 0, 1, 10551370, 33]
5 [0, 5, 0, 1, 10551370, 33]
6 [0, 7, 0, 1, 10551370, 33]
8 [0, 8, 0, 1, 10551370, 34]
9 [0, 9, 0, 1, 10551370, 34]
10 [0, 10, 0, 1, 10551370, 34]
11 [0, 2, 0, 1, 10551370, 34]
3 [0, 3, 34, 1, 10551370, 34]
4 [0, 4, 0, 1, 10551370, 34]
5 [0, 5, 0, 1, 10551370, 34]
6 [0, 7, 0, 1, 10551370, 34]
8 [0, 8, 0, 1, 10551370, 35]
9 [0, 9, 0, 1, 10551370, 35]
10 [0, 10, 0, 1, 10551370, 35]
11 [0, 2, 0, 1, 10551370, 35]
3 [0, 3, 35, 1, 10551370, 35]
4 [0, 4, 0, 1, 10551370, 35]
5 [0, 5, 0, 1, 10551370, 35]
6 [0, 7, 0, 1, 10551370, 35]
8 [0, 8, 0, 1, 10551370, 36]
9 [0, 9, 0, 1, 10551370, 36]
10 [0, 10, 0, 1, 10551370, 36]
11 [0, 2, 0, 1, 10551370, 36]
3 [0, 3, 36, 1, 10551370, 36]
4 [0, 4, 0, 1, 10551370, 36]
5 [0, 5, 0, 1, 10551370, 36]
6 [0, 7, 0, 1, 10551370, 36]
8 [0, 8, 0, 1, 10551370, 37]
9 [0, 9, 0, 1, 10551370, 37]
10 [0, 10, 0, 1, 10551370, 37]
11 [0, 2, 0, 1, 10551370, 37]
3 [0, 3, 37, 1, 10551370, 37]
4 [0, 4, 0, 1, 10551370, 37]
5 [0, 5, 0, 1, 10551370, 37]
6 [0, 7, 0, 1, 10551370, 37]
8 [0, 8, 0, 1, 10551370, 38]
9 [0, 9, 0, 1, 10551370, 38]
10 [0, 10, 0, 1, 10551370, 38]
11 [0, 2, 0, 1, 10551370, 38]
3 [0, 3, 38, 1, 10551370, 38]
4 [0, 4, 0, 1, 10551370, 38]
5 [0, 5, 0, 1, 10551370, 38]
6 [0, 7, 0, 1, 10551370, 38]
8 [0, 8, 0, 1, 10551370, 39]
9 [0, 9, 0, 1, 10551370, 39]
10 [0, 10, 0, 1, 10551370, 39]
11 [0, 2, 0, 1, 10551370, 39]
3 [0, 3, 39, 1, 10551370, 39]
4 [0, 4, 0, 1, 10551370, 39]
5 [0, 5, 0, 1, 10551370, 39]
6 [0, 7, 0, 1, 10551370, 39]
8 [0, 8, 0, 1, 10551370, 40]
9 [0, 9, 0, 1, 10551370, 40]
10 [0, 10, 0, 1, 10551370, 40]
11 [0, 2, 0, 1, 10551370, 40]
3 [0, 3, 40, 1, 10551370, 40]
4 [0, 4, 0, 1, 10551370, 40]
5 [0, 5, 0, 1, 10551370, 40]
6 [0, 7, 0, 1, 10551370, 40]
8 [0, 8, 0, 1, 10551370, 41]
9 [0, 9, 0, 1, 10551370, 41]
10 [0, 10, 0, 1, 10551370, 41]
11 [0, 2, 0, 1, 10551370, 41]
3 [0, 3, 41, 1, 10551370, 41]
4 [0, 4, 0, 1, 10551370, 41]
5 [0, 5, 0, 1, 10551370, 41]
6 [0, 7, 0, 1, 10551370, 41]
8 [0, 8, 0, 1, 10551370, 42]
9 [0, 9, 0, 1, 10551370, 42]
10 [0, 10, 0, 1, 10551370, 42]
11 [0, 2, 0, 1, 10551370, 42]
3 [0, 3, 42, 1, 10551370, 42]
4 [0, 4, 0, 1, 10551370, 42]
5 [0, 5, 0, 1, 10551370, 42]
6 [0, 7, 0, 1, 10551370, 42]
8 [0, 8, 0, 1, 10551370, 43]
9 [0, 9, 0, 1, 10551370, 43]
10 [0, 10, 0, 1, 10551370, 43]
11 [0, 2, 0, 1, 10551370, 43]
3 [0, 3, 43, 1, 10551370, 43]
4 [0, 4, 0, 1, 10551370, 43]
5 [0, 5, 0, 1, 10551370, 43]
6 [0, 7, 0, 1, 10551370, 43]
8 [0, 8, 0, 1, 10551370, 44]
9 [0, 9, 0, 1, 10551370, 44]
10 [0, 10, 0, 1, 10551370, 44]
11 [0, 2, 0, 1, 10551370, 44]
3 [0, 3, 44, 1, 10551370, 44]
4 [0, 4, 0, 1, 10551370, 44]
5 [0, 5, 0, 1, 10551370, 44]
6 [0, 7, 0, 1, 10551370, 44]
8 [0, 8, 0, 1, 10551370, 45]
9 [0, 9, 0, 1, 10551370, 45]
10 [0, 10, 0, 1, 10551370, 45]
11 [0, 2, 0, 1, 10551370, 45]
3 [0, 3, 45, 1, 10551370, 45]
4 [0, 4, 0, 1, 10551370, 45]
5 [0, 5, 0, 1, 10551370, 45]
6 [0, 7, 0, 1, 10551370, 45]
8 [0, 8, 0, 1, 10551370, 46]
9 [0, 9, 0, 1, 10551370, 46]
10 [0, 10, 0, 1, 10551370, 46]
11 [0, 2, 0, 1, 10551370, 46]
3 [0, 3, 46, 1, 10551370, 46]
4 [0, 4, 0, 1, 10551370, 46]
5 [0, 5, 0, 1, 10551370, 46]
6 [0, 7, 0, 1, 10551370, 46]
8 [0, 8, 0, 1, 10551370, 47]
9 [0, 9, 0, 1, 10551370, 47]
10 [0, 10, 0, 1, 10551370, 47]
11 [0, 2, 0, 1, 10551370, 47]
3 [0, 3, 47, 1, 10551370, 47]
4 [0, 4, 0, 1, 10551370, 47]
5 [0, 5, 0, 1, 10551370, 47]
6 [0, 7, 0, 1, 10551370, 47]
8 [0, 8, 0, 1, 10551370, 48]
9 [0, 9, 0, 1, 10551370, 48]
10 [0, 10, 0, 1, 10551370, 48]
11 [0, 2, 0, 1, 10551370, 48]
3 [0, 3, 48, 1, 10551370, 48]
4 [0, 4, 0, 1, 10551370, 48]
5 [0, 5, 0, 1, 10551370, 48]
6 [0, 7, 0, 1, 10551370, 48]
8 [0, 8, 0, 1, 10551370, 49]
9 [0, 9, 0, 1, 10551370, 49]
10 [0, 10, 0, 1, 10551370, 49]
11 [0, 2, 0, 1, 10551370, 49]
3 [0, 3, 49, 1, 10551370, 49]
4 [0, 4, 0, 1, 10551370, 49]
5 [0, 5, 0, 1, 10551370, 49]
6 [0, 7, 0, 1, 10551370, 49]
8 [0, 8, 0, 1, 10551370, 50]
9 [0, 9, 0, 1, 10551370, 50]
10 [0, 10, 0, 1, 10551370, 50]
11 [0, 2, 0, 1, 10551370, 50]
3 [0, 3, 50, 1, 10551370, 50]
4 [0, 4, 0, 1, 10551370, 50]
5 [0, 5, 0, 1, 10551370, 50]
6 [0, 7, 0, 1, 10551370, 50]
8 [0, 8, 0, 1, 10551370, 51]
9 [0, 9, 0, 1, 10551370, 51]
10 [0, 10, 0, 1, 10551370, 51]
11 [0, 2, 0, 1, 10551370, 51]
3 [0, 3, 51, 1, 10551370, 51]
4 [0, 4, 0, 1, 10551370, 51]
5 [0, 5, 0, 1, 10551370, 51]
6 [0, 7, 0, 1, 10551370, 51]
8 [0, 8, 0, 1, 10551370, 52]
9 [0, 9, 0, 1, 10551370, 52]
10 [0, 10, 0, 1, 10551370, 52]
11 [0, 2, 0, 1, 10551370, 52]
3 [0, 3, 52, 1, 10551370, 52]
4 [0, 4, 0, 1, 10551370, 52]
5 [0, 5, 0, 1, 10551370, 52]
6 [0, 7, 0, 1, 10551370, 52]
8 [0, 8, 0, 1, 10551370, 53]
9 [0, 9, 0, 1, 10551370, 53]
10 [0, 10, 0, 1, 10551370, 53]
11 [0, 2, 0, 1, 10551370, 53]
3 [0, 3, 53, 1, 10551370, 53]
4 [0, 4, 0, 1, 10551370, 53]
5 [0, 5, 0, 1, 10551370, 53]
6 [0, 7, 0, 1, 10551370, 53]
8 [0, 8, 0, 1, 10551370, 54]
9 [0, 9, 0, 1, 10551370, 54]
10 [0, 10, 0, 1, 10551370, 54]
11 [0, 2, 0, 1, 10551370, 54]
3 [0, 3, 54, 1, 10551370, 54]
4 [0, 4, 0, 1, 10551370, 54]
5 [0, 5, 0, 1, 10551370, 54]
6 [0, 7, 0, 1, 10551370, 54]
8 [0, 8, 0, 1, 10551370, 55]
9 [0, 9, 0, 1, 10551370, 55]
10 [0, 10, 0, 1, 10551370, 55]
11 [0, 2, 0, 1, 10551370, 55]
3 [0, 3, 55, 1, 10551370, 55]
4 [0, 4, 0, 1, 10551370, 55]
5 [0, 5, 0, 1, 10551370, 55]
6 [0, 7, 0, 1, 10551370, 55]
8 [0, 8, 0, 1, 10551370, 56]
9 [0, 9, 0, 1, 10551370, 56]
10 [0, 10, 0, 1, 10551370, 56]
11 [0, 2, 0, 1, 10551370, 56]
3 [0, 3, 56, 1, 10551370, 56]
4 [0, 4, 0, 1, 10551370, 56]
5 [0, 5, 0, 1, 10551370, 56]
6 [0, 7, 0, 1, 10551370, 56]
8 [0, 8, 0, 1, 10551370, 57]
9 [0, 9, 0, 1, 10551370, 57]
10 [0, 10, 0, 1, 10551370, 57]
11 [0, 2, 0, 1, 10551370, 57]
3 [0, 3, 57, 1, 10551370, 57]
4 [0, 4, 0, 1, 10551370, 57]
5 [0, 5, 0, 1, 10551370, 57]
6 [0, 7, 0, 1, 10551370, 57]
8 [0, 8, 0, 1, 10551370, 58]
9 [0, 9, 0, 1, 10551370, 58]
10 [0, 10, 0, 1, 10551370, 58]
11 [0, 2, 0, 1, 10551370, 58]
3 [0, 3, 58, 1, 10551370, 58]
4 [0, 4, 0, 1, 10551370, 58]
5 [0, 5, 0, 1, 10551370, 58]
6 [0, 7, 0, 1, 10551370, 58]
8 [0, 8, 0, 1, 10551370, 59]
9 [0, 9, 0, 1, 10551370, 59]
10 [0, 10, 0, 1, 10551370, 59]
11 [0, 2, 0, 1, 10551370, 59]
3 [0, 3, 59, 1, 10551370, 59]
4 [0, 4, 0, 1, 10551370, 59]
5 [0, 5, 0, 1, 10551370, 59]
6 [0, 7, 0, 1, 10551370, 59]
8 [0, 8, 0, 1, 10551370, 60]
9 [0, 9, 0, 1, 10551370, 60]
10 [0, 10, 0, 1, 10551370, 60]
11 [0, 2, 0, 1, 10551370, 60]
3 [0, 3, 60, 1, 10551370, 60]
4 [0, 4, 0, 1, 10551370, 60]
5 [0, 5, 0, 1, 10551370, 60]
6 [0, 7, 0, 1, 10551370, 60]
8 [0, 8, 0, 1, 10551370, 61]
9 [0, 9, 0, 1, 10551370, 61]
10 [0, 10, 0, 1, 10551370, 61]
11 [0, 2, 0, 1, 10551370, 61]
3 [0, 3, 61, 1, 10551370, 61]
4 [0, 4, 0, 1, 10551370, 61]
5 [0, 5, 0, 1, 10551370, 61]
6 [0, 7, 0, 1, 10551370, 61]
8 [0, 8, 0, 1, 10551370, 62]
9 [0, 9, 0, 1, 10551370, 62]
10 [0, 10, 0, 1, 10551370, 62]
11 [0, 2, 0, 1, 10551370, 62]
3 [0, 3, 62, 1, 10551370, 62]
4 [0, 4, 0, 1, 10551370, 62]
5 [0, 5, 0, 1, 10551370, 62]
6 [0, 7, 0, 1, 10551370, 62]
8 [0, 8, 0, 1, 10551370, 63]
9 [0, 9, 0, 1, 10551370, 63]
10 [0, 10, 0, 1, 10551370, 63]
11 [0, 2, 0, 1, 10551370, 63]
3 [0, 3, 63, 1, 10551370, 63]
4 [0, 4, 0, 1, 10551370, 63]
5 [0, 5, 0, 1, 10551370, 63]
6 [0, 7, 0, 1, 10551370, 63]
8 [0, 8, 0, 1, 10551370, 64]
9 [0, 9, 0, 1, 10551370, 64]
10 [0, 10, 0, 1, 10551370, 64]
11 [0, 2, 0, 1, 10551370, 64]
3 [0, 3, 64, 1, 10551370, 64]
4 [0, 4, 0, 1, 10551370, 64]
5 [0, 5, 0, 1, 10551370, 64]
6 [0, 7, 0, 1, 10551370, 64]
8 [0, 8, 0, 1, 10551370, 65]
9 [0, 9, 0, 1, 10551370, 65]
10 [0, 10, 0, 1, 10551370, 65]
11 [0, 2, 0, 1, 10551370, 65]
3 [0, 3, 65, 1, 10551370, 65]
4 [0, 4, 0, 1, 10551370, 65]
5 [0, 5, 0, 1, 10551370, 65]
6 [0, 7, 0, 1, 10551370, 65]
8 [0, 8, 0, 1, 10551370, 66]
9 [0, 9, 0, 1, 10551370, 66]
10 [0, 10, 0, 1, 10551370, 66]
11 [0, 2, 0, 1, 10551370, 66]
3 [0, 3, 66, 1, 10551370, 66]
4 [0, 4, 0, 1, 10551370, 66]
5 [0, 5, 0, 1, 10551370, 66]
6 [0, 7, 0, 1, 10551370, 66]
8 [0, 8, 0, 1, 10551370, 67]
9 [0, 9, 0, 1, 10551370, 67]
10 [0, 10, 0, 1, 10551370, 67]
11 [0, 2, 0, 1, 10551370, 67]
3 [0, 3, 67, 1, 10551370, 67]
4 [0, 4, 0, 1, 10551370, 67]
5 [0, 5, 0, 1, 10551370, 67]
6 [0, 7, 0, 1, 10551370, 67]
8 [0, 8, 0, 1, 10551370, 68]
9 [0, 9, 0, 1, 10551370, 68]
10 [0, 10, 0, 1, 10551370, 68]
11 [0, 2, 0, 1, 10551370, 68]
3 [0, 3, 68, 1, 10551370, 68]
4 [0, 4, 0, 1, 10551370, 68]
5 [0, 5, 0, 1, 10551370, 68]
6 [0, 7, 0, 1, 10551370, 68]
8 [0, 8, 0, 1, 10551370, 69]
9 [0, 9, 0, 1, 10551370, 69]
10 [0, 10, 0, 1, 10551370, 69]
11 [0, 2, 0, 1, 10551370, 69]
3 [0, 3, 69, 1, 10551370, 69]
4 [0, 4, 0, 1, 10551370, 69]
5 [0, 5, 0, 1, 10551370, 69]
6 [0, 7, 0, 1, 10551370, 69]
8 [0, 8, 0, 1, 10551370, 70]
9 [0, 9, 0, 1, 10551370, 70]
10 [0, 10, 0, 1, 10551370, 70]
11 [0, 2, 0, 1, 10551370, 70]
3 [0, 3, 70, 1, 10551370, 70]
4 [0, 4, 0, 1, 10551370, 70]
5 [0, 5, 0, 1, 10551370, 70]
6 [0, 7, 0, 1, 10551370, 70]
8 [0, 8, 0, 1, 10551370, 71]
9 [0, 9, 0, 1, 10551370, 71]
10 [0, 10, 0, 1, 10551370, 71]
11 [0, 2, 0, 1, 10551370, 71]
3 [0, 3, 71, 1, 10551370, 71]
4 [0, 4, 0, 1, 10551370, 71]
5 [0, 5, 0, 1, 10551370, 71]
6 [0, 7, 0, 1, 10551370, 71]
8 [0, 8, 0, 1, 10551370, 72]
9 [0, 9, 0, 1, 10551370, 72]
10 [0, 10, 0, 1, 10551370, 72]
11 [0, 2, 0, 1, 10551370, 72]
3 [0, 3, 72, 1, 10551370, 72]
4 [0, 4, 0, 1, 10551370, 72]
5 [0, 5, 0, 1, 10551370, 72]
6 [0, 7, 0, 1, 10551370, 72]
8 [0, 8, 0, 1, 10551370, 73]
9 [0, 9, 0, 1, 10551370, 73]
10 [0, 10, 0, 1, 10551370, 73]
11 [0, 2, 0, 1, 10551370, 73]
3 [0, 3, 73, 1, 10551370, 73]
4 [0, 4, 0, 1, 10551370, 73]
5 [0, 5, 0, 1, 10551370, 73]
6 [0, 7, 0, 1, 10551370, 73]
8 [0, 8, 0, 1, 10551370, 74]
9 [0, 9, 0, 1, 10551370, 74]
10 [0, 10, 0, 1, 10551370, 74]
11 [0, 2, 0, 1, 10551370, 74]
3 [0, 3, 74, 1, 10551370, 74]
4 [0, 4, 0, 1, 10551370, 74]
5 [0, 5, 0, 1, 10551370, 74]
6 [0, 7, 0, 1, 10551370, 74]
8 [0, 8, 0, 1, 10551370, 75]
9 [0, 9, 0, 1, 10551370, 75]
10 [0, 10, 0, 1, 10551370, 75]
11 [0, 2, 0, 1, 10551370, 75]
3 [0, 3, 75, 1, 10551370, 75]
4 [0, 4, 0, 1, 10551370, 75]
5 [0, 5, 0, 1, 10551370, 75]
6 [0, 7, 0, 1, 10551370, 75]
8 [0, 8, 0, 1, 10551370, 76]
9 [0, 9, 0, 1, 10551370, 76]
10 [0, 10, 0, 1, 10551370, 76]
11 [0, 2, 0, 1, 10551370, 76]
3 [0, 3, 76, 1, 10551370, 76]
4 [0, 4, 0, 1, 10551370, 76]
5 [0, 5, 0, 1, 10551370, 76]
6 [0, 7, 0, 1, 10551370, 76]
8 [0, 8, 0, 1, 10551370, 77]
9 [0, 9, 0, 1, 10551370, 77]
10 [0, 10, 0, 1, 10551370, 77]
11 [0, 2, 0, 1, 10551370, 77]
3 [0, 3, 77, 1, 10551370, 77]
4 [0, 4, 0, 1, 10551370, 77]
5 [0, 5, 0, 1, 10551370, 77]
6 [0, 7, 0, 1, 10551370, 77]
8 [0, 8, 0, 1, 10551370, 78]
9 [0, 9, 0, 1, 10551370, 78]
10 [0, 10, 0, 1, 10551370, 78]
11 [0, 2, 0, 1, 10551370, 78]
3 [0, 3, 78, 1, 10551370, 78]
4 [0, 4, 0, 1, 10551370, 78]
5 [0, 5, 0, 1, 10551370, 78]
6 [0, 7, 0, 1, 10551370, 78]
8 [0, 8, 0, 1, 10551370, 79]
9 [0, 9, 0, 1, 10551370, 79]
10 [0, 10, 0, 1, 10551370, 79]
11 [0, 2, 0, 1, 10551370, 79]
3 [0, 3, 79, 1, 10551370, 79]
4 [0, 4, 0, 1, 10551370, 79]
5 [0, 5, 0, 1, 10551370, 79]
6 [0, 7, 0, 1, 10551370, 79]
8 [0, 8, 0, 1, 10551370, 80]
9 [0, 9, 0, 1, 10551370, 80]
10 [0, 10, 0, 1, 10551370, 80]
11 [0, 2, 0, 1, 10551370, 80]
3 [0, 3, 80, 1, 10551370, 80]
4 [0, 4, 0, 1, 10551370, 80]
5 [0, 5, 0, 1, 10551370, 80]
6 [0, 7, 0, 1, 10551370, 80]
8 [0, 8, 0, 1, 10551370, 81]
9 [0, 9, 0, 1, 10551370, 81]
10 [0, 10, 0, 1, 10551370, 81]
11 [0, 2, 0, 1, 10551370, 81]
3 [0, 3, 81, 1, 10551370, 81]
4 [0, 4, 0, 1, 10551370, 81]
5 [0, 5, 0, 1, 10551370, 81]
6 [0, 7, 0, 1, 10551370, 81]
8 [0, 8, 0, 1, 10551370, 82]
9 [0, 9, 0, 1, 10551370, 82]
10 [0, 10, 0, 1, 10551370, 82]
11 [0, 2, 0, 1, 10551370, 82]
3 [0, 3, 82, 1, 10551370, 82]
4 [0, 4, 0, 1, 10551370, 82]
5 [0, 5, 0, 1, 10551370, 82]
6 [0, 7, 0, 1, 10551370, 82]
8 [0, 8, 0, 1, 10551370, 83]
9 [0, 9, 0, 1, 10551370, 83]
10 [0, 10, 0, 1, 10551370, 83]
11 [0, 2, 0, 1, 10551370, 83]
3 [0, 3, 83, 1, 10551370, 83]
4 [0, 4, 0, 1, 10551370, 83]
5 [0, 5, 0, 1, 10551370, 83]
6 [0, 7, 0, 1, 10551370, 83]
8 [0, 8, 0, 1, 10551370, 84]
9 [0, 9, 0, 1, 10551370, 84]
10 [0, 10, 0, 1, 10551370, 84]
11 [0, 2, 0, 1, 10551370, 84]
3 [0, 3, 84, 1, 10551370, 84]
4 [0, 4, 0, 1, 10551370, 84]
5 [0, 5, 0, 1, 10551370, 84]
6 [0, 7, 0, 1, 10551370, 84]
8 [0, 8, 0, 1, 10551370, 85]
9 [0, 9, 0, 1, 10551370, 85]
10 [0, 10, 0, 1, 10551370, 85]
11 [0, 2, 0, 1, 10551370, 85]
3 [0, 3, 85, 1, 10551370, 85]
4 [0, 4, 0, 1, 10551370, 85]
5 [0, 5, 0, 1, 10551370, 85]
6 [0, 7, 0, 1, 10551370, 85]
8 [0, 8, 0, 1, 10551370, 86]
9 [0, 9, 0, 1, 10551370, 86]
10 [0, 10, 0, 1, 10551370, 86]
11 [0, 2, 0, 1, 10551370, 86]
3 [0, 3, 86, 1, 10551370, 86]
4 [0, 4, 0, 1, 10551370, 86]
5 [0, 5, 0, 1, 10551370, 86]
6 [0, 7, 0, 1, 10551370, 86]
8 [0, 8, 0, 1, 10551370, 87]
9 [0, 9, 0, 1, 10551370, 87]
10 [0, 10, 0, 1, 10551370, 87]
11 [0, 2, 0, 1, 10551370, 87]
3 [0, 3, 87, 1, 10551370, 87]
4 [0, 4, 0, 1, 10551370, 87]
5 [0, 5, 0, 1, 10551370, 87]
6 [0, 7, 0, 1, 10551370, 87]
8 [0, 8, 0, 1, 10551370, 88]
9 [0, 9, 0, 1, 10551370, 88]
10 [0, 10, 0, 1, 10551370, 88]
11 [0, 2, 0, 1, 10551370, 88]
3 [0, 3, 88, 1, 10551370, 88]
4 [0, 4, 0, 1, 10551370, 88]
5 [0, 5, 0, 1, 10551370, 88]
6 [0, 7, 0, 1, 10551370, 88]
8 [0, 8, 0, 1, 10551370, 89]
9 [0, 9, 0, 1, 10551370, 89]
10 [0, 10, 0, 1, 10551370, 89]
11 [0, 2, 0, 1, 10551370, 89]
3 [0, 3, 89, 1, 10551370, 89]
4 [0, 4, 0, 1, 10551370, 89]
5 [0, 5, 0, 1, 10551370, 89]
6 [0, 7, 0, 1, 10551370, 89]
8 [0, 8, 0, 1, 10551370, 90]
9 [0, 9, 0, 1, 10551370, 90]
10 [0, 10, 0, 1, 10551370, 90]
11 [0, 2, 0, 1, 10551370, 90]
3 [0, 3, 90, 1, 10551370, 90]
4 [0, 4, 0, 1, 10551370, 90]
5 [0, 5, 0, 1, 10551370, 90]
6 [0, 7, 0, 1, 10551370, 90]
8 [0, 8, 0, 1, 10551370, 91]
9 [0, 9, 0, 1, 10551370, 91]
10 [0, 10, 0, 1, 10551370, 91]
11 [0, 2, 0, 1, 10551370, 91]
3 [0, 3, 91, 1, 10551370, 91]
4 [0, 4, 0, 1, 10551370, 91]
5 [0, 5, 0, 1, 10551370, 91]
6 [0, 7, 0, 1, 10551370, 91]
8 [0, 8, 0, 1, 10551370, 92]
9 [0, 9, 0, 1, 10551370, 92]
10 [0, 10, 0, 1, 10551370, 92]
11 [0, 2, 0, 1, 10551370, 92]
3 [0, 3, 92, 1, 10551370, 92]
4 [0, 4, 0, 1, 10551370, 92]
5 [0, 5, 0, 1, 10551370, 92]
6 [0, 7, 0, 1, 10551370, 92]
8 [0, 8, 0, 1, 10551370, 93]
9 [0, 9, 0, 1, 10551370, 93]
10 [0, 10, 0, 1, 10551370, 93]
11 [0, 2, 0, 1, 10551370, 93]
3 [0, 3, 93, 1, 10551370, 93]
4 [0, 4, 0, 1, 10551370, 93]
5 [0, 5, 0, 1, 10551370, 93]
6 [0, 7, 0, 1, 10551370, 93]
8 [0, 8, 0, 1, 10551370, 94]
9 [0, 9, 0, 1, 10551370, 94]
10 [0, 10, 0, 1, 10551370, 94]
11 [0, 2, 0, 1, 10551370, 94]
3 [0, 3, 94, 1, 10551370, 94]
4 [0, 4, 0, 1, 10551370, 94]
5 [0, 5, 0, 1, 10551370, 94]
6 [0, 7, 0, 1, 10551370, 94]
8 [0, 8, 0, 1, 10551370, 95]
9 [0, 9, 0, 1, 10551370, 95]
10 [0, 10, 0, 1, 10551370, 95]
11 [0, 2, 0, 1, 10551370, 95]
3 [0, 3, 95, 1, 10551370, 95]
4 [0, 4, 0, 1, 10551370, 95]
5 [0, 5, 0, 1, 10551370, 95]
6 [0, 7, 0, 1, 10551370, 95]
8 [0, 8, 0, 1, 10551370, 96]
9 [0, 9, 0, 1, 10551370, 96]
10 [0, 10, 0, 1, 10551370, 96]
11 [0, 2, 0, 1, 10551370, 96]
3 [0, 3, 96, 1, 10551370, 96]
4 [0, 4, 0, 1, 10551370, 96]
5 [0, 5, 0, 1, 10551370, 96]
6 [0, 7, 0, 1, 10551370, 96]
8 [0, 8, 0, 1, 10551370, 97]
9 [0, 9, 0, 1, 10551370, 97]
10 [0, 10, 0, 1, 10551370, 97]
11 [0, 2, 0, 1, 10551370, 97]
3 [0, 3, 97, 1, 10551370, 97]
4 [0, 4, 0, 1, 10551370, 97]
5 [0, 5, 0, 1, 10551370, 97]
6 [0, 7, 0, 1, 10551370, 97]
8 [0, 8, 0, 1, 10551370, 98]
9 [0, 9, 0, 1, 10551370, 98]
10 [0, 10, 0, 1, 10551370, 98]
11 [0, 2, 0, 1, 10551370, 98]
3 [0, 3, 98, 1, 10551370, 98]
4 [0, 4, 0, 1, 10551370, 98]
5 [0, 5, 0, 1, 10551370, 98]
6 [0, 7, 0, 1, 10551370, 98]
8 [0, 8, 0, 1, 10551370, 99]
9 [0, 9, 0, 1, 10551370, 99]
10 [0, 10, 0, 1, 10551370, 99]
11 [0, 2, 0, 1, 10551370, 99]
3 [0, 3, 99, 1, 10551370, 99]
4 [0, 4, 0, 1, 10551370, 99]
5 [0, 5, 0, 1, 10551370, 99]
6 [0, 7, 0, 1, 10551370, 99]
8 [0, 8, 0, 1, 10551370, 100]
9 [0, 9, 0, 1, 10551370, 100]
10 [0, 10, 0, 1, 10551370, 100]
11 [0, 2, 0, 1, 10551370, 100]
3 [0, 3, 100, 1, 10551370, 100]
4 [0, 4, 0, 1, 10551370, 100]
5 [0, 5, 0, 1, 10551370, 100]
6 [0, 7, 0, 1, 10551370, 100]
8 [0, 8, 0, 1, 10551370, 101]
9 [0, 9, 0, 1, 10551370, 101]
10 [0, 10, 0, 1, 10551370, 101]
11 [0, 2, 0, 1, 10551370, 101]
3 [0, 3, 101, 1, 10551370, 101]
4 [0, 4, 0, 1, 10551370, 101]
5 [0, 5, 0, 1, 10551370, 101]
6 [0, 7, 0, 1, 10551370, 101]
8 [0, 8, 0, 1, 10551370, 102]
9 [0, 9, 0, 1, 10551370, 102]
10 [0, 10, 0, 1, 10551370, 102]
11 [0, 2, 0, 1, 10551370, 102]
3 [0, 3, 102, 1, 10551370, 102]
4 [0, 4, 0, 1, 10551370, 102]
5 [0, 5, 0, 1, 10551370, 102]
6 [0, 7, 0, 1, 10551370, 102]
8 [0, 8, 0, 1, 10551370, 103]
9 [0, 9, 0, 1, 10551370, 103]
10 [0, 10, 0, 1, 10551370, 103]
11 [0, 2, 0, 1, 10551370, 103]
3 [0, 3, 103, 1, 10551370, 103]
4 [0, 4, 0, 1, 10551370, 103]
5 [0, 5, 0, 1, 10551370, 103]
6 [0, 7, 0, 1, 10551370, 103]
8 [0, 8, 0, 1, 10551370, 104]
9 [0, 9, 0, 1, 10551370, 104]
10 [0, 10, 0, 1, 10551370, 104]
11 [0, 2, 0, 1, 10551370, 104]
3 [0, 3, 104, 1, 10551370, 104]
4 [0, 4, 0, 1, 10551370, 104]
5 [0, 5, 0, 1, 10551370, 104]
6 [0, 7, 0, 1, 10551370, 104]
8 [0, 8, 0, 1, 10551370, 105]
9 [0, 9, 0, 1, 10551370, 105]
10 [0, 10, 0, 1, 10551370, 105]
11 [0, 2, 0, 1, 10551370, 105]
3 [0, 3, 105, 1, 10551370, 105]
4 [0, 4, 0, 1, 10551370, 105]
5 [0, 5, 0, 1, 10551370, 105]
6 [0, 7, 0, 1, 10551370, 105]
8 [0, 8, 0, 1, 10551370, 106]
9 [0, 9, 0, 1, 10551370, 106]
10 [0, 10, 0, 1, 10551370, 106]
11 [0, 2, 0, 1, 10551370, 106]
3 [0, 3, 106, 1, 10551370, 106]
4 [0, 4, 0, 1, 10551370, 106]
5 [0, 5, 0, 1, 10551370, 106]
6 [0, 7, 0, 1, 10551370, 106]
8 [0, 8, 0, 1, 10551370, 107]
9 [0, 9, 0, 1, 10551370, 107]
10 [0, 10, 0, 1, 10551370, 107]
11 [0, 2, 0, 1, 10551370, 107]
3 [0, 3, 107, 1, 10551370, 107]
4 [0, 4, 0, 1, 10551370, 107]
5 [0, 5, 0, 1, 10551370, 107]
6 [0, 7, 0, 1, 10551370, 107]
8 [0, 8, 0, 1, 10551370, 108]
9 [0, 9, 0, 1, 10551370, 108]
10 [0, 10, 0, 1, 10551370, 108]
11 [0, 2, 0, 1, 10551370, 108]
3 [0, 3, 108, 1, 10551370, 108]
4 [0, 4, 0, 1, 10551370, 108]
5 [0, 5, 0, 1, 10551370, 108]
6 [0, 7, 0, 1, 10551370, 108]
8 [0, 8, 0, 1, 10551370, 109]
9 [0, 9, 0, 1, 10551370, 109]
10 [0, 10, 0, 1, 10551370, 109]
11 [0, 2, 0, 1, 10551370, 109]
3 [0, 3, 109, 1, 10551370, 109]
4 [0, 4, 0, 1, 10551370, 109]
5 [0, 5, 0, 1, 10551370, 109]
6 [0, 7, 0, 1, 10551370, 109]
8 [0, 8, 0, 1, 10551370, 110]
9 [0, 9, 0, 1, 10551370, 110]
10 [0, 10, 0, 1, 10551370, 110]
11 [0, 2, 0, 1, 10551370, 110]
3 [0, 3, 110, 1, 10551370, 110]
4 [0, 4, 0, 1, 10551370, 110]
5 [0, 5, 0, 1, 10551370, 110]
6 [0, 7, 0, 1, 10551370, 110]
8 [0, 8, 0, 1, 10551370, 111]
9 [0, 9, 0, 1, 10551370, 111]
10 [0, 10, 0, 1, 10551370, 111]
11 [0, 2, 0, 1, 10551370, 111]
3 [0, 3, 111, 1, 10551370, 111]
4 [0, 4, 0, 1, 10551370, 111]
5 [0, 5, 0, 1, 10551370, 111]
6 [0, 7, 0, 1, 10551370, 111]
8 [0, 8, 0, 1, 10551370, 112]
9 [0, 9, 0, 1, 10551370, 112]
10 [0, 10, 0, 1, 10551370, 112]
11 [0, 2, 0, 1, 10551370, 112]
3 [0, 3, 112, 1, 10551370, 112]
4 [0, 4, 0, 1, 10551370, 112]
5 [0, 5, 0, 1, 10551370, 112]
6 [0, 7, 0, 1, 10551370, 112]
8 [0, 8, 0, 1, 10551370, 113]
9 [0, 9, 0, 1, 10551370, 113]
10 [0, 10, 0, 1, 10551370, 113]
11 [0, 2, 0, 1, 10551370, 113]
3 [0, 3, 113, 1, 10551370, 113]
4 [0, 4, 0, 1, 10551370, 113]
5 [0, 5, 0, 1, 10551370, 113]
6 [0, 7, 0, 1, 10551370, 113]
8 [0, 8, 0, 1, 10551370, 114]
9 [0, 9, 0, 1, 10551370, 114]
10 [0, 10, 0, 1, 10551370, 114]
11 [0, 2, 0, 1, 10551370, 114]
3 [0, 3, 114, 1, 10551370, 114]
4 [0, 4, 0, 1, 10551370, 114]
5 [0, 5, 0, 1, 10551370, 114]
6 [0, 7, 0, 1, 10551370, 114]
8 [0, 8, 0, 1, 10551370, 115]
9 [0, 9, 0, 1, 10551370, 115]
10 [0, 10, 0, 1, 10551370, 115]
11 [0, 2, 0, 1, 10551370, 115]
3 [0, 3, 115, 1, 10551370, 115]
4 [0, 4, 0, 1, 10551370, 115]
5 [0, 5, 0, 1, 10551370, 115]
6 [0, 7, 0, 1, 10551370, 115]
8 [0, 8, 0, 1, 10551370, 116]
9 [0, 9, 0, 1, 10551370, 116]
10 [0, 10, 0, 1, 10551370, 116]
11 [0, 2, 0, 1, 10551370, 116]
3 [0, 3, 116, 1, 10551370, 116]
4 [0, 4, 0, 1, 10551370, 116]
5 [0, 5, 0, 1, 10551370, 116]
6 [0, 7, 0, 1, 10551370, 116]
8 [0, 8, 0, 1, 10551370, 117]
9 [0, 9, 0, 1, 10551370, 117]
10 [0, 10, 0, 1, 10551370, 117]
11 [0, 2, 0, 1, 10551370, 117]
3 [0, 3, 117, 1, 10551370, 117]
4 [0, 4, 0, 1, 10551370, 117]
5 [0, 5, 0, 1, 10551370, 117]
6 [0, 7, 0, 1, 10551370, 117]
8 [0, 8, 0, 1, 10551370, 118]
9 [0, 9, 0, 1, 10551370, 118]
10 [0, 10, 0, 1, 10551370, 118]
11 [0, 2, 0, 1, 10551370, 118]
3 [0, 3, 118, 1, 10551370, 118]
4 [0, 4, 0, 1, 10551370, 118]
5 [0, 5, 0, 1, 10551370, 118]
6 [0, 7, 0, 1, 10551370, 118]
8 [0, 8, 0, 1, 10551370, 119]
9 [0, 9, 0, 1, 10551370, 119]
10 [0, 10, 0, 1, 10551370, 119]
11 [0, 2, 0, 1, 10551370, 119]
3 [0, 3, 119, 1, 10551370, 119]
4 [0, 4, 0, 1, 10551370, 119]
5 [0, 5, 0, 1, 10551370, 119]
6 [0, 7, 0, 1, 10551370, 119]
8 [0, 8, 0, 1, 10551370, 120]
9 [0, 9, 0, 1, 10551370, 120]
10 [0, 10, 0, 1, 10551370, 120]
11 [0, 2, 0, 1, 10551370, 120]
3 [0, 3, 120, 1, 10551370, 120]
4 [0, 4, 0, 1, 10551370, 120]
5 [0, 5, 0, 1, 10551370, 120]
6 [0, 7, 0, 1, 10551370, 120]
8 [0, 8, 0, 1, 10551370, 121]
9 [0, 9, 0, 1, 10551370, 121]
10 [0, 10, 0, 1, 10551370, 121]
11 [0, 2, 0, 1, 10551370, 121]
3 [0, 3, 121, 1, 10551370, 121]
4 [0, 4, 0, 1, 10551370, 121]
5 [0, 5, 0, 1, 10551370, 121]
6 [0, 7, 0, 1, 10551370, 121]
8 [0, 8, 0, 1, 10551370, 122]
9 [0, 9, 0, 1, 10551370, 122]
10 [0, 10, 0, 1, 10551370, 122]
11 [0, 2, 0, 1, 10551370, 122]
3 [0, 3, 122, 1, 10551370, 122]
4 [0, 4, 0, 1, 10551370, 122]
5 [0, 5, 0, 1, 10551370, 122]
6 [0, 7, 0, 1, 10551370, 122]
8 [0, 8, 0, 1, 10551370, 123]
9 [0, 9, 0, 1, 10551370, 123]
10 [0, 10, 0, 1, 10551370, 123]
11 [0, 2, 0, 1, 10551370, 123]
3 [0, 3, 123, 1, 10551370, 123]
4 [0, 4, 0, 1, 10551370, 123]
5 [0, 5, 0, 1, 10551370, 123]
