269005
351575
431604
500544
610907
735416
816480
832832
789165
737800
624624
473715
352506
261620
171654
113344
80860
55332
39292
28688
24696
22272
19776
21935
24973
29036
36031
41040
47277
56430
66816
74664
83808
93093
101640
113360
123123
130011
129960
130585
132759
132240
125852
126178
121688
117180
113553
109848
106425
103295
89391
86864
84240
83889
81947
83814
82855
84216
84724
86730
86838
88395
84912
91154
97686
105840
113620
120781
130356
137710
145211
151360
150080
148764
145632
136532
128754
123864
111896
106197
98298
95053
90780
85808
81317
80358
79935
77539
78280
80813
84413
86970
91245
85892
88134
90783
95256
99705
96078
103424
107198
106266
109572
109590
106578
102672
96118
97989
92484
91098
91154
91392
90678
90616
90650
88191
87841
91298
89240
90870
89892
92862
93751
99828
104006
112500
119505
127170
132406
137061
137004
142650
138915
132848
125045
128084
125034
126314
130938
138330
143856
150396
151294
157170
160989
171476
175760
171458
168732
168505
161538
155685
151320
150737
148694
148470
146510
144960
141501
138908
129213
121836
114704
112560
103320
105000
103148
108500
111352
118680
125136
133603
143080
156222
163923
174582
185255
190576
192792
192896
190646
192376
195605
193120
188421
186204
177498
173104
161838
152482
142263
135700
119250
117213
112827
111144
107586
102850
106575
111801
119085
130248
139192
152881
162656
173956
179916
193672
200930
205134
204700
205048
202350
204786
201280
197846
186680
177498
168777
165608
152908
152306
145632
142080
137886
135432
130816
118820
124550
133438
139656
148770
160775
174220
183804
196310
205870
218044
226644
227021
224848
225610
221130
218144
200260
187392
172551
166167
150288
144300
137240
133444
128535
127008
123516
116220
120321
129402
133380
144210
153762
164700
173784
186684
193720
205320
215517
224096
222000
224998
220800
221753
212510
200448
183207
173901
155118
151044
144054
138000
132455
127160
123234
116145
119340
127440
132248
141000
149574
158627
166464
177364
185250
194300
202756
211046
215551
216021
212237
213888
205500
197274
188320
187592
173530
167280
159318
152431
145790
143067
136484
134398
122430
129525
131220
140505
146523
154364
159068
169728
177592
188188
193965
201600
206853
210936
202217
201000
192222
187968
183060
182435
169060
169372
169904
170517
161200
156168
148347
144738
142846
140238
139195
140712
146373
150822
155465
165088
172150
181526
188100
195836
198176
200564
196176
193732
182784
174078
167424
167238
157644
161409
160468
161821
162225
165282
162105
159680
156813
160138
156464
160335
156738
162403
166087
173250
179034
188352
195724
204140
209214
211185
210291
212010
204544
196345
184764
179284
167455
170346
169278
171072
169452
169950
165608
163016
155189
155376
152912
151086
154882
159296
161336
168251
174432
180880
187110
191420
193795
195156
193284
192920
185142
176988
169904
167238
155742
156570
156464
155035
153824
156122
153720
154025
154322
159236
159681
165763
168096
174432
177345
186063
191070
199332
204336
210396
211344
214328
210864
212040
202768
196014
187758
187278
174264
176256
175066
176673
174945
176880
171802
170625
168960
172250
170984
174636
176134
179725
179597
186063
191070
199332
204336
210396
211344
214328
210864
212040
202768
196014
187758
187278
174264
176256
175066
176673
174945
176880
171802
170625
168960
172250
170984
174636
176134
179725
179597
186063
191070
199332
204336
210396
211344
214328
210864
212040
202768
196014
187758
187278
174264
176256
175066
176673
174945
176880
171802
170625
168960
172250
170984
174636
176134
179725
179597
186063
191070
199332
204336
210396
211344
214328
210864
212040
202768
196014
187758
187278
174264
176256
175066
176673
174945
176880
171802
170625
168960
172250
170984
174636
176134
179725
179597
186063
191070
199332
204336
210396
211344
214328
210864
212040
202768
196014
187758
187278
174264
176256
175066
176673
174945
176880
171802
170625
168960
172250
170984
174636
176134
179725
179597
186063
191070
199332
204336
210396
211344
214328
210864
212040
202768
196014
187758
187278
174264
176256
175066
176673
174945
176880
171802
170625
168960
172250
170984
174636
176134
179725
179597
186063
191070
199332
204336
210396
211344
214328
210864
212040
202768
196014
187758
187278
174264
176256
175066
176673
174945
176880
171802
170625
168960
172250
170984
174636
176134
179725
179597
186063
191070
199332
204336
210396
211344
214328
210864
212040
202768
196014
187758
187278
174264
176256
175066
176673
174945
176880
171802
170625
168960
172250
170984
174636
176134
179725
179597
186063
191070
199332
204336
210396
211344
214328
210864
212040
202768
196014
187758
187278
174264
176256
175066
176673
174945
176880
171802
170625
168960
172250
170984
174636
176134
179725
179597
186063
191070
199332
204336
210396
211344
214328
210864
212040
202768
196014
187758
187278
174264
176256
175066
176673
174945
176880
171802
170625
168960
172250
170984
174636
176134
179725
179597
186063
191070
199332
204336
210396
211344
214328
210864
212040
202768
196014
187758
187278
174264
176256
175066
176673
174945
176880
171802
170625
168960
172250
170984
174636
176134
179725
179597
186063
191070
199332
204336
210396
211344
214328
210864
212040
202768
196014
187758
187278
174264
176256
175066
176673
174945
176880
171802
170625
168960
172250
170984
174636
176134
179725
179597
186063
191070
199332
204336
210396
211344
214328
210864
212040
202768
196014
187758
187278
174264
176256
175066
176673
174945
176880
171802
170625
168960
172250
170984
174636
176134
179725
179597
186063
191070
199332
204336
210396
211344
214328
210864
212040
202768
196014
187758
187278
174264
176256
175066
176673
174945
176880
171802
170625
168960
172250
170984
174636
176134
179725
179597
186063
191070
199332
204336
210396
211344
214328
210864
212040
202768
196014
187758
187278
174264
176256
175066
176673
174945
176880
171802
170625
168960
172250
170984
174636
176134
179725
179597
186063
191070
199332
204336
210396
211344
214328
210864
212040
202768
196014
187758
187278
174264
176256
175066
176673
174945
176880
171802
170625
168960
172250
170984
174636
176134
179725
179597
186063
191070
199332
204336
210396
211344
214328
210864
212040
202768
196014
187758
187278
174264
176256
175066
176673
174945
176880
171802
170625
168960
172250
170984
174636
176134
179725
179597
186063
191070
199332
204336
210396
211344
214328
210864
212040
202768
196014
187758
187278
174264
176256
175066
176673
174945
176880
171802
170625
168960
172250
170984
174636
176134
179725
179597
186063
191070
199332
204336
210396
211344
214328
210864
212040
202768
196014
187758
187278
174264
176256
175066
176673
174945
176880
171802
170625
168960
172250
170984
174636
176134
179725
179597
186063
191070
199332
204336
210396
211344
214328
210864
212040
202768
196014
187758
187278
174264
176256
175066
176673
174945
176880
171802
170625
168960
172250
170984
174636
176134
179725
179597
186063
191070
199332
204336
210396
211344
214328
210864
212040
